android/build/outputs/logs/manifest-merger-debug-report.txt
-- Merging decision tree log ---
manifest
ADDED from CastleRushEXT\android\AndroidManifest.xml:2:1-34:12
INJECTED from CastleRushEXT\android\AndroidManifest.xml:2:1-34:12
INJECTED from CastleRushEXT\android\AndroidManifest.xml:2:1-34:12
INJECTED from CastleRushEXT\android\AndroidManifest.xml:2:1-34:12
MERGED from [com.android.support.constraint:constraint-layout:2.0.0-beta1] AndroidManifest.xml:2:1-11:12
MERGED from [com.android.support:appcompat-v7:28.0.0] AndroidManifest.xml:17:1-22:12
MERGED from [com.android.support:support-fragment:28.0.0] AndroidManifest.xml:17:1-22:12
MERGED from [com.android.support:animated-vector-drawable:28.0.0] AndroidManifest.xml:17:1-22:12
MERGED from [com.android.support:recyclerview-v7:28.0.0] AndroidManifest.xml:17:1-22:12
MERGED from [com.android.support:support-core-ui:28.0.0] AndroidManifest.xml:17:1-22:12
MERGED from [com.android.support:support-core-utils:28.0.0] AndroidManifest.xml:17:1-22:12
MERGED from [com.android.support:support-vector-drawable:28.0.0] AndroidManifest.xml:17:1-22:12
MERGED from [com.android.support:loader:28.0.0] AndroidManifest.xml:17:1-22:12
MERGED from [com.android.support:viewpager:28.0.0] AndroidManifest.xml:17:1-22:12
MERGED from [com.android.support:coordinatorlayout:28.0.0] AndroidManifest.xml:17:1-22:12
MERGED from [com.android.support:drawerlayout:28.0.0] AndroidManifest.xml:17:1-22:12
MERGED from [com.android.support:slidingpanelayout:28.0.0] AndroidManifest.xml:17:1-22:12
MERGED from [com.android.support:customview:28.0.0] AndroidManifest.xml:17:1-22:12
MERGED from [com.android.support:swiperefreshlayout:28.0.0] AndroidManifest.xml:17:1-22:12
MERGED from [com.android.support:asynclayoutinflater:28.0.0] AndroidManifest.xml:17:1-22:12
MERGED from [com.android.support:support-compat:28.0.0] AndroidManifest.xml:17:1-24:12
MERGED from [com.android.support:versionedparcelable:28.0.0] AndroidManifest.xml:17:1-25:12
MERGED from [com.android.support:cursoradapter:28.0.0] AndroidManifest.xml:17:1-22:12
MERGED from [android.arch.lifecycle:runtime:1.1.1] AndroidManifest.xml:17:1-22:12
MERGED from [com.android.support:documentfile:28.0.0] AndroidManifest.xml:17:1-22:12
MERGED from [com.android.support:localbroadcastmanager:28.0.0] AndroidManifest.xml:17:1-22:12
MERGED from [com.android.support:print:28.0.0] AndroidManifest.xml:17:1-22:12
MERGED from [android.arch.lifecycle:viewmodel:1.1.1] AndroidManifest.xml:17:1-22:12
MERGED from [android.arch.lifecycle:livedata:1.1.1] AndroidManifest.xml:17:1-22:12
MERGED from [android.arch.lifecycle:livedata-core:1.1.1] AndroidManifest.xml:17:1-22:12
MERGED from [android.arch.core:runtime:1.1.1] AndroidManifest.xml:17:1-22:12
MERGED from [com.android.support:interpolator:28.0.0] AndroidManifest.xml:17:1-22:12
INJECTED from CastleRushEXT\android\AndroidManifest.xml:2:1-34:12
INJECTED from CastleRushEXT\android\AndroidManifest.xml:2:1-34:12
INJECTED from CastleRushEXT\android\AndroidManifest.xml:2:1-34:12
	package
		ADDED from CastleRushEXT\android\AndroidManifest.xml:3:5-34
		INJECTED from CastleRushEXT\android\AndroidManifest.xml
		INJECTED from CastleRushEXT\android\AndroidManifest.xml
	android:versionName
		INJECTED from CastleRushEXT\android\AndroidManifest.xml
		ADDED from CastleRushEXT\android\AndroidManifest.xml:2:1-34:12
		INJECTED from CastleRushEXT\android\AndroidManifest.xml
	android:versionCode
		INJECTED from CastleRushEXT\android\AndroidManifest.xml
		ADDED from CastleRushEXT\android\AndroidManifest.xml:2:1-34:12
		INJECTED from CastleRushEXT\android\AndroidManifest.xml
	xmlns:android
		ADDED from CastleRushEXT\android\AndroidManifest.xml:2:11-69
uses-permission#android.permission.INTERNET
ADDED from CastleRushEXT\android\AndroidManifest.xml:5:5-67
	android:name
		ADDED from CastleRushEXT\android\AndroidManifest.xml:5:22-64
uses-permission#android.permission.WAKE_LOCK
ADDED from CastleRushEXT\android\AndroidManifest.xml:6:5-68
	android:name
		ADDED from CastleRushEXT\android\AndroidManifest.xml:6:22-65
uses-permission#android.permission.WRITE_INTERNAL_STORAGE
ADDED from CastleRushEXT\android\AndroidManifest.xml:7:5-81
	android:name
		ADDED from CastleRushEXT\android\AndroidManifest.xml:7:22-78
application
ADDED from CastleRushEXT\android\AndroidManifest.xml:9:5-32:19
MERGED from [com.android.support.constraint:constraint-layout:2.0.0-beta1] AndroidManifest.xml:9:5-20
MERGED from [com.android.support.constraint:constraint-layout:2.0.0-beta1] AndroidManifest.xml:9:5-20
MERGED from [com.android.support:support-compat:28.0.0] AndroidManifest.xml:22:5-94
MERGED from [com.android.support:support-compat:28.0.0] AndroidManifest.xml:22:5-94
MERGED from [com.android.support:versionedparcelable:28.0.0] AndroidManifest.xml:22:5-23:19
MERGED from [com.android.support:versionedparcelable:28.0.0] AndroidManifest.xml:22:5-23:19
	android:appComponentFactory
		ADDED from [com.android.support:support-compat:28.0.0] AndroidManifest.xml:22:18-91
	android:label
		ADDED from CastleRushEXT\android\AndroidManifest.xml:15:9-41
	android:appCategory
		ADDED from CastleRushEXT\android\AndroidManifest.xml:11:9-35
	android:background
		ADDED from CastleRushEXT\android\AndroidManifest.xml:12:9-49
	android:icon
		ADDED from CastleRushEXT\android\AndroidManifest.xml:13:9-45
	android:allowBackup
		ADDED from CastleRushEXT\android\AndroidManifest.xml:10:9-35
	android:theme
		ADDED from CastleRushEXT\android\AndroidManifest.xml:16:9-47
	android:isGame
		ADDED from CastleRushEXT\android\AndroidManifest.xml:14:9-30
activity#marvel.android.game.messangergame.GameSelector
ADDED from CastleRushEXT\android\AndroidManifest.xml:17:9-18:20
	android:name
		ADDED from CastleRushEXT\android\AndroidManifest.xml:17:19-61
activity#marvel.android.game.messangergame.ListActivity
ADDED from CastleRushEXT\android\AndroidManifest.xml:19:9-73
	android:name
		ADDED from CastleRushEXT\android\AndroidManifest.xml:19:19-61
activity#marvel.android.game.messangergame.SettingsActivity
ADDED from CastleRushEXT\android\AndroidManifest.xml:20:9-26:20
	android:name
		ADDED from CastleRushEXT\android\AndroidManifest.xml:20:19-65
intent-filter#action:name:android.intent.action.MAIN+category:name:android.intent.category.LAUNCHER
ADDED from CastleRushEXT\android\AndroidManifest.xml:21:13-25:29
action#android.intent.action.MAIN
ADDED from CastleRushEXT\android\AndroidManifest.xml:22:17-69
	android:name
		ADDED from CastleRushEXT\android\AndroidManifest.xml:22:25-66
category#android.intent.category.LAUNCHER
ADDED from CastleRushEXT\android\AndroidManifest.xml:24:17-77
	android:name
		ADDED from CastleRushEXT\android\AndroidManifest.xml:24:27-74
activity#marvel.android.game.messangergame.MainActivity
ADDED from CastleRushEXT\android\AndroidManifest.xml:27:9-64
	android:name
		ADDED from CastleRushEXT\android\AndroidManifest.xml:27:19-61
activity#marvel.android.game.AndroidLauncher
ADDED from CastleRushEXT\android\AndroidManifest.xml:28:9-29:20
	android:name
		ADDED from CastleRushEXT\android\AndroidManifest.xml:28:19-50
activity#marvel.android.game.AndroidLauncherP
ADDED from CastleRushEXT\android\AndroidManifest.xml:30:9-31:20
	android:screenOrientation
		ADDED from CastleRushEXT\android\AndroidManifest.xml:30:52-88
	android:name
		ADDED from CastleRushEXT\android\AndroidManifest.xml:30:19-51
uses-sdk
INJECTED from CastleRushEXT\android\AndroidManifest.xml reason: use-sdk injection requested
INJECTED from CastleRushEXT\android\AndroidManifest.xml
INJECTED from CastleRushEXT\android\AndroidManifest.xml
MERGED from [com.android.support.constraint:constraint-layout:2.0.0-beta1] AndroidManifest.xml:5:5-7:41
MERGED from [com.android.support.constraint:constraint-layout:2.0.0-beta1] AndroidManifest.xml:5:5-7:41
MERGED from [com.android.support:appcompat-v7:28.0.0] AndroidManifest.xml:20:5-44
MERGED from [com.android.support:appcompat-v7:28.0.0] AndroidManifest.xml:20:5-44
MERGED from [com.android.support:support-fragment:28.0.0] AndroidManifest.xml:20:5-44
MERGED from [com.android.support:support-fragment:28.0.0] AndroidManifest.xml:20:5-44
MERGED from [com.android.support:animated-vector-drawable:28.0.0] AndroidManifest.xml:20:5-44
MERGED from [com.android.support:animated-vector-drawable:28.0.0] AndroidManifest.xml:20:5-44
MERGED from [com.android.support:recyclerview-v7:28.0.0] AndroidManifest.xml:20:5-44
MERGED from [com.android.support:recyclerview-v7:28.0.0] AndroidManifest.xml:20:5-44
MERGED from [com.android.support:support-core-ui:28.0.0] AndroidManifest.xml:20:5-44
MERGED from [com.android.support:support-core-ui:28.0.0] AndroidManifest.xml:20:5-44
MERGED from [com.android.support:support-core-utils:28.0.0] AndroidManifest.xml:20:5-44
MERGED from [com.android.support:support-core-utils:28.0.0] AndroidManifest.xml:20:5-44
MERGED from [com.android.support:support-vector-drawable:28.0.0] AndroidManifest.xml:20:5-44
MERGED from [com.android.support:support-vector-drawable:28.0.0] AndroidManifest.xml:20:5-44
MERGED from [com.android.support:loader:28.0.0] AndroidManifest.xml:20:5-44
MERGED from [com.android.support:loader:28.0.0] AndroidManifest.xml:20:5-44
MERGED from [com.android.support:viewpager:28.0.0] AndroidManifest.xml:20:5-44
MERGED from [com.android.support:viewpager:28.0.0] AndroidManifest.xml:20:5-44
MERGED from [com.android.support:coordinatorlayout:28.0.0] AndroidManifest.xml:20:5-44
MERGED from [com.android.support:coordinatorlayout:28.0.0] AndroidManifest.xml:20:5-44
MERGED from [com.android.support:drawerlayout:28.0.0] AndroidManifest.xml:20:5-44
MERGED from [com.android.support:drawerlayout:28.0.0] AndroidManifest.xml:20:5-44
MERGED from [com.android.support:slidingpanelayout:28.0.0] AndroidManifest.xml:20:5-44
MERGED from [com.android.support:slidingpanelayout:28.0.0] AndroidManifest.xml:20:5-44
MERGED from [com.android.support:customview:28.0.0] AndroidManifest.xml:20:5-44
MERGED from [com.android.support:customview:28.0.0] AndroidManifest.xml:20:5-44
MERGED from [com.android.support:swiperefreshlayout:28.0.0] AndroidManifest.xml:20:5-44
MERGED from [com.android.support:swiperefreshlayout:28.0.0] AndroidManifest.xml:20:5-44
MERGED from [com.android.support:asynclayoutinflater:28.0.0] AndroidManifest.xml:20:5-44
MERGED from [com.android.support:asynclayoutinflater:28.0.0] AndroidManifest.xml:20:5-44
MERGED from [com.android.support:support-compat:28.0.0] AndroidManifest.xml:20:5-44
MERGED from [com.android.support:support-compat:28.0.0] AndroidManifest.xml:20:5-44
MERGED from [com.android.support:versionedparcelable:28.0.0] AndroidManifest.xml:20:5-44
MERGED from [com.android.support:versionedparcelable:28.0.0] AndroidManifest.xml:20:5-44
MERGED from [com.android.support:cursoradapter:28.0.0] AndroidManifest.xml:20:5-44
MERGED from [com.android.support:cursoradapter:28.0.0] AndroidManifest.xml:20:5-44
MERGED from [android.arch.lifecycle:runtime:1.1.1] AndroidManifest.xml:20:5-44
MERGED from [android.arch.lifecycle:runtime:1.1.1] AndroidManifest.xml:20:5-44
MERGED from [com.android.support:documentfile:28.0.0] AndroidManifest.xml:20:5-44
MERGED from [com.android.support:documentfile:28.0.0] AndroidManifest.xml:20:5-44
MERGED from [com.android.support:localbroadcastmanager:28.0.0] AndroidManifest.xml:20:5-44
MERGED from [com.android.support:localbroadcastmanager:28.0.0] AndroidManifest.xml:20:5-44
MERGED from [com.android.support:print:28.0.0] AndroidManifest.xml:20:5-44
MERGED from [com.android.support:print:28.0.0] AndroidManifest.xml:20:5-44
MERGED from [android.arch.lifecycle:viewmodel:1.1.1] AndroidManifest.xml:20:5-44
MERGED from [android.arch.lifecycle:viewmodel:1.1.1] AndroidManifest.xml:20:5-44
MERGED from [android.arch.lifecycle:livedata:1.1.1] AndroidManifest.xml:20:5-44
MERGED from [android.arch.lifecycle:livedata:1.1.1] AndroidManifest.xml:20:5-44
MERGED from [android.arch.lifecycle:livedata-core:1.1.1] AndroidManifest.xml:20:5-44
MERGED from [android.arch.lifecycle:livedata-core:1.1.1] AndroidManifest.xml:20:5-44
MERGED from [android.arch.core:runtime:1.1.1] AndroidManifest.xml:20:5-44
MERGED from [android.arch.core:runtime:1.1.1] AndroidManifest.xml:20:5-44
MERGED from [com.android.support:interpolator:28.0.0] AndroidManifest.xml:20:5-44
MERGED from [com.android.support:interpolator:28.0.0] AndroidManifest.xml:20:5-44
INJECTED from CastleRushEXT\android\AndroidManifest.xml
INJECTED from CastleRushEXT\android\AndroidManifest.xml
	android:targetSdkVersion
		INJECTED from CastleRushEXT\android\AndroidManifest.xml
		ADDED from CastleRushEXT\android\AndroidManifest.xml
		INJECTED from CastleRushEXT\android\AndroidManifest.xml
	android:minSdkVersion
		INJECTED from CastleRushEXT\android\AndroidManifest.xml
		ADDED from CastleRushEXT\android\AndroidManifest.xml
		INJECTED from CastleRushEXT\android\AndroidManifest.xml